<?xml version="1.0" encoding="UTF-8"?>
<testsuite name="com.example.study.repository.ItemRepositoryTest" tests="1" skipped="0" failures="0" errors="0" timestamp="2020-11-13T07:04:19" hostname="minsan-iui-MacBook-Pro.local" time="0.198">
  <properties/>
  <testcase name="read()" classname="com.example.study.repository.ItemRepositoryTest" time="0.198"/>
  <system-out><![CDATA[16:04:14.301 [Test worker] DEBUG org.springframework.test.context.BootstrapUtils - Instantiating CacheAwareContextLoaderDelegate from class [org.springframework.test.context.cache.DefaultCacheAwareContextLoaderDelegate]
16:04:14.321 [Test worker] DEBUG org.springframework.test.context.BootstrapUtils - Instantiating BootstrapContext using constructor [public org.springframework.test.context.support.DefaultBootstrapContext(java.lang.Class,org.springframework.test.context.CacheAwareContextLoaderDelegate)]
16:04:14.360 [Test worker] DEBUG org.springframework.test.context.BootstrapUtils - Instantiating TestContextBootstrapper for test class [com.example.study.repository.ItemRepositoryTest] from class [org.springframework.boot.test.context.SpringBootTestContextBootstrapper]
16:04:14.381 [Test worker] INFO org.springframework.boot.test.context.SpringBootTestContextBootstrapper - Neither @ContextConfiguration nor @ContextHierarchy found for test class [com.example.study.repository.ItemRepositoryTest], using SpringBootContextLoader
16:04:14.387 [Test worker] DEBUG org.springframework.test.context.support.AbstractContextLoader - Did not detect default resource location for test class [com.example.study.repository.ItemRepositoryTest]: class path resource [com/example/study/repository/ItemRepositoryTest-context.xml] does not exist
16:04:14.388 [Test worker] DEBUG org.springframework.test.context.support.AbstractContextLoader - Did not detect default resource location for test class [com.example.study.repository.ItemRepositoryTest]: class path resource [com/example/study/repository/ItemRepositoryTestContext.groovy] does not exist
16:04:14.389 [Test worker] INFO org.springframework.test.context.support.AbstractContextLoader - Could not detect default resource locations for test class [com.example.study.repository.ItemRepositoryTest]: no resource found for suffixes {-context.xml, Context.groovy}.
16:04:14.390 [Test worker] INFO org.springframework.test.context.support.AnnotationConfigContextLoaderUtils - Could not detect default configuration classes for test class [com.example.study.repository.ItemRepositoryTest]: ItemRepositoryTest does not declare any static, non-private, non-final, nested classes annotated with @Configuration.
16:04:14.444 [Test worker] DEBUG org.springframework.test.context.support.ActiveProfilesUtils - Could not find an 'annotation declaring class' for annotation type [org.springframework.test.context.ActiveProfiles] and class [com.example.study.repository.ItemRepositoryTest]
16:04:14.550 [Test worker] DEBUG org.springframework.context.annotation.ClassPathScanningCandidateComponentProvider - Identified candidate component class: file [/Users/minsan-i/Documents/민사닝/study/fastcampus/어드민 페이지/study/build/classes/java/main/com/example/study/StudyApplication.class]
16:04:14.551 [Test worker] INFO org.springframework.boot.test.context.SpringBootTestContextBootstrapper - Found @SpringBootConfiguration com.example.study.StudyApplication for test class com.example.study.repository.ItemRepositoryTest
16:04:14.688 [Test worker] DEBUG org.springframework.boot.test.context.SpringBootTestContextBootstrapper - @TestExecutionListeners is not present for class [com.example.study.repository.ItemRepositoryTest]: using defaults.
16:04:14.689 [Test worker] INFO org.springframework.boot.test.context.SpringBootTestContextBootstrapper - Loaded default TestExecutionListener class names from location [META-INF/spring.factories]: [org.springframework.boot.test.autoconfigure.restdocs.RestDocsTestExecutionListener, org.springframework.boot.test.autoconfigure.web.client.MockRestServiceServerResetTestExecutionListener, org.springframework.boot.test.autoconfigure.web.servlet.MockMvcPrintOnlyOnFailureTestExecutionListener, org.springframework.boot.test.autoconfigure.web.servlet.WebDriverTestExecutionListener, org.springframework.boot.test.autoconfigure.webservices.client.MockWebServiceServerTestExecutionListener, org.springframework.boot.test.mock.mockito.MockitoTestExecutionListener, org.springframework.boot.test.mock.mockito.ResetMocksTestExecutionListener, org.springframework.test.context.web.ServletTestExecutionListener, org.springframework.test.context.support.DirtiesContextBeforeModesTestExecutionListener, org.springframework.test.context.support.DependencyInjectionTestExecutionListener, org.springframework.test.context.support.DirtiesContextTestExecutionListener, org.springframework.test.context.transaction.TransactionalTestExecutionListener, org.springframework.test.context.jdbc.SqlScriptsTestExecutionListener, org.springframework.test.context.event.EventPublishingTestExecutionListener]
16:04:14.714 [Test worker] INFO org.springframework.boot.test.context.SpringBootTestContextBootstrapper - Using TestExecutionListeners: [org.springframework.test.context.web.ServletTestExecutionListener@70b08c0d, org.springframework.test.context.support.DirtiesContextBeforeModesTestExecutionListener@564af7dc, org.springframework.boot.test.mock.mockito.MockitoTestExecutionListener@ada7806, org.springframework.boot.test.autoconfigure.SpringBootDependencyInjectionTestExecutionListener@2bb96beb, org.springframework.test.context.support.DirtiesContextTestExecutionListener@5f9d4a75, org.springframework.test.context.transaction.TransactionalTestExecutionListener@5e68a24d, org.springframework.test.context.jdbc.SqlScriptsTestExecutionListener@7abfbce, org.springframework.test.context.event.EventPublishingTestExecutionListener@672d3ee3, org.springframework.boot.test.autoconfigure.restdocs.RestDocsTestExecutionListener@52560e91, org.springframework.boot.test.autoconfigure.web.client.MockRestServiceServerResetTestExecutionListener@4937b45c, org.springframework.boot.test.autoconfigure.web.servlet.MockMvcPrintOnlyOnFailureTestExecutionListener@119a433f, org.springframework.boot.test.autoconfigure.web.servlet.WebDriverTestExecutionListener@1fceadc9, org.springframework.boot.test.autoconfigure.webservices.client.MockWebServiceServerTestExecutionListener@7d0e0a27, org.springframework.boot.test.mock.mockito.ResetMocksTestExecutionListener@96fd48e]
16:04:14.723 [Test worker] DEBUG org.springframework.test.context.support.AbstractDirtiesContextTestExecutionListener - Before test class: context [DefaultTestContext@18713a01 testClass = ItemRepositoryTest, testInstance = [null], testMethod = [null], testException = [null], mergedContextConfiguration = [WebMergedContextConfiguration@6981da33 testClass = ItemRepositoryTest, locations = '{}', classes = '{class com.example.study.StudyApplication}', contextInitializerClasses = '[]', activeProfiles = '{}', propertySourceLocations = '{}', propertySourceProperties = '{org.springframework.boot.test.context.SpringBootTestContextBootstrapper=true}', contextCustomizers = set[org.springframework.boot.test.autoconfigure.properties.PropertyMappingContextCustomizer@0, org.springframework.boot.test.autoconfigure.web.servlet.WebDriverContextCustomizerFactory$Customizer@34d4521a, org.springframework.boot.test.context.filter.ExcludeFilterContextCustomizer@14112552, org.springframework.boot.test.json.DuplicateJsonObjectContextCustomizerFactory$DuplicateJsonObjectContextCustomizer@67fcc950, org.springframework.boot.test.mock.mockito.MockitoContextCustomizer@0, org.springframework.boot.test.web.client.TestRestTemplateContextCustomizer@8f4cddc, org.springframework.boot.test.context.SpringBootTestArgs@1], resourceBasePath = 'src/main/webapp', contextLoader = 'org.springframework.boot.test.context.SpringBootContextLoader', parent = [null]], attributes = map['org.springframework.test.context.web.ServletTestExecutionListener.activateListener' -> true]], class annotated with @DirtiesContext [false] with mode [null].
16:04:14.768 [Test worker] DEBUG org.springframework.test.context.support.TestPropertySourceUtils - Adding inlined properties to environment: {spring.jmx.enabled=false, org.springframework.boot.test.context.SpringBootTestContextBootstrapper=true}

  .   ____          _            __ _ _
 /\\ / ___'_ __ _ _(_)_ __  __ _ \ \ \ \
( ( )\___ | '_ | '_| | '_ \/ _` | \ \ \ \
 \\/  ___)| |_)| | | | | || (_| |  ) ) ) )
  '  |____| .__|_| |_|_| |_\__, | / / / /
 =========|_|==============|___/=/_/_/_/
 :: Spring Boot ::        (v2.3.4.RELEASE)

2020-11-13 16:04:15.380  INFO 13181 --- [    Test worker] c.e.study.repository.ItemRepositoryTest  : Starting ItemRepositoryTest on minsan-iui-MacBook-Pro.local with PID 13181 (started by minsan-i in /Users/minsan-i/Documents/민사닝/study/fastcampus/어드민 페이지/study)
2020-11-13 16:04:15.382  INFO 13181 --- [    Test worker] c.e.study.repository.ItemRepositoryTest  : No active profile set, falling back to default profiles: default
2020-11-13 16:04:16.235  INFO 13181 --- [    Test worker] .s.d.r.c.RepositoryConfigurationDelegate : Bootstrapping Spring Data JPA repositories in DEFERRED mode.
2020-11-13 16:04:16.328  INFO 13181 --- [    Test worker] .s.d.r.c.RepositoryConfigurationDelegate : Finished Spring Data repository scanning in 78ms. Found 3 JPA repository interfaces.
2020-11-13 16:04:17.007  INFO 13181 --- [    Test worker] o.s.s.concurrent.ThreadPoolTaskExecutor  : Initializing ExecutorService 'applicationTaskExecutor'
2020-11-13 16:04:17.031  INFO 13181 --- [    Test worker] com.zaxxer.hikari.HikariDataSource       : HikariPool-1 - Starting...
2020-11-13 16:04:17.261  INFO 13181 --- [    Test worker] com.zaxxer.hikari.HikariDataSource       : HikariPool-1 - Start completed.
2020-11-13 16:04:17.359  INFO 13181 --- [         task-1] o.hibernate.jpa.internal.util.LogHelper  : HHH000204: Processing PersistenceUnitInfo [name: default]
2020-11-13 16:04:17.433  INFO 13181 --- [         task-1] org.hibernate.Version                    : HHH000412: Hibernate ORM core version 5.4.21.Final
2020-11-13 16:04:17.720  INFO 13181 --- [         task-1] o.hibernate.annotations.common.Version   : HCANN000001: Hibernate Commons Annotations {5.1.0.Final}
2020-11-13 16:04:17.746  WARN 13181 --- [    Test worker] JpaBaseConfiguration$JpaWebConfiguration : spring.jpa.open-in-view is enabled by default. Therefore, database queries may be performed during view rendering. Explicitly configure spring.jpa.open-in-view to disable this warning
2020-11-13 16:04:17.925  INFO 13181 --- [         task-1] org.hibernate.dialect.Dialect            : HHH000400: Using dialect: org.hibernate.dialect.MySQL8Dialect
2020-11-13 16:04:18.603  INFO 13181 --- [    Test worker] DeferredRepositoryInitializationListener : Triggering deferred initialization of Spring Data repositories…
2020-11-13 16:04:18.955  INFO 13181 --- [         task-1] o.h.e.t.j.p.i.JtaPlatformInitiator       : HHH000490: Using JtaPlatform implementation: [org.hibernate.engine.transaction.jta.platform.internal.NoJtaPlatform]
2020-11-13 16:04:18.965  INFO 13181 --- [         task-1] j.LocalContainerEntityManagerFactoryBean : Initialized JPA EntityManagerFactory for persistence unit 'default'
2020-11-13 16:04:19.380  INFO 13181 --- [    Test worker] DeferredRepositoryInitializationListener : Spring Data repositories initialized!
2020-11-13 16:04:19.389  INFO 13181 --- [    Test worker] c.e.study.repository.ItemRepositoryTest  : Started ItemRepositoryTest in 4.609 seconds (JVM running for 6.043)
Hibernate: select item0_.id as id1_0_0_, item0_.content as content2_0_0_, item0_.name as name3_0_0_, item0_.price as price4_0_0_, orderdetai1_.item_id as item_id3_1_1_, orderdetai1_.id as id1_1_1_, orderdetai1_.id as id1_1_2_, orderdetai1_.item_id as item_id3_1_2_, orderdetai1_.order_at as order_at2_1_2_, orderdetai1_.user_id as user_id4_1_2_, user2_.id as id1_2_3_, user2_.account as account2_2_3_, user2_.created_at as created_3_2_3_, user2_.created_by as created_4_2_3_, user2_.email as email5_2_3_, user2_.phone_number as phone_nu6_2_3_, user2_.updated_at as updated_7_2_3_, user2_.updated_by as updated_8_2_3_ from item item0_ left outer join order_detail orderdetai1_ on item0_.id=orderdetai1_.item_id left outer join user user2_ on orderdetai1_.user_id=user2_.id where item0_.id=?
노트북
]]></system-out>
  <system-err><![CDATA[]]></system-err>
</testsuite>
